<?xml version="1.0" encoding="UTF-8"?>
<!-- Generated by org.testng.reporters.JUnitXMLReporter -->
<testsuite ignored="4" hostname="DESKTOP-41G56EL" failures="0" tests="1" name="Default test" time="4.938" errors="0" timestamp="2025-03-26T11:27:19 IST">
  <testcase classname="com.restAssured.day7.ApiChaining" name="createUser" time="4.849"/>
  <testcase classname="com.restAssured.day7.ApiChaining" name="getUser" time="0.0">
    <ignored/>
  </testcase> <!-- getUser -->
  <testcase classname="com.restAssured.day7.ApiChaining" name="readUserAgain" time="0.0">
    <ignored/>
  </testcase> <!-- readUserAgain -->
  <testcase classname="com.restAssured.day7.ApiChaining" name="updateUser" time="0.0">
    <ignored/>
  </testcase> <!-- updateUser -->
  <testcase classname="com.restAssured.day7.ApiChaining" name="deleteUser" time="0.0">
    <ignored/>
  </testcase> <!-- deleteUser -->
</testsuite> <!-- Default test -->
