<?xml version="1.0" encoding="UTF-8"?>
<!-- Generated by org.testng.reporters.JUnitXMLReporter -->
<testsuite ignored="2" hostname="DESKTOP-41G56EL" failures="0" tests="1" name="Default test" time="3.506" errors="0" timestamp="2025-03-20T11:05:54 IST">
  <testcase classname="com.restAssured.day3.PayloadFile" name="test1" time="3.426"/>
  <testcase classname="com.restAssured.day3.PayloadFile" name="test12" time="0.0">
    <ignored/>
  </testcase> <!-- test12 -->
  <testcase classname="com.restAssured.day3.PayloadFile" name="myTest" time="0.0">
    <ignored/>
  </testcase> <!-- myTest -->
</testsuite> <!-- Default test -->
