<?xml version="1.0" encoding="UTF-8"?>
<testng-results ignored="2" total="3" passed="1" failed="0" skipped="0">
  <reporter-output>
  </reporter-output>
  <suite started-at="2025-03-25T11:10:20 IST" name="Default suite" finished-at="2025-03-25T11:10:25 IST" duration-ms="4709">
    <groups>
    </groups>
    <test started-at="2025-03-25T11:10:20 IST" name="Default test" finished-at="2025-03-25T11:10:25 IST" duration-ms="4709">
      <class name="com.restAssured.day6.Authentications">
        <test-method signature="digestAuthTest()[pri:0, instance:com.restAssured.day6.Authentications@31190526]" started-at="2025-03-25T11:10:20 IST" name="digestAuthTest" finished-at="2025-03-25T11:10:25 IST" duration-ms="4598" status="PASS">
          <reporter-output>
          </reporter-output>
        </test-method> <!-- digestAuthTest -->
      </class> <!-- com.restAssured.day6.Authentications -->
    </test> <!-- Default test -->
  </suite> <!-- Default suite -->
</testng-results>
